18:26:53 **** Incremental Build of configuration Debug for project Hall Sensor Interrupt ****
make -j8 all 
arm-none-eabi-gcc "../Core/Src/main.c" -mcpu=cortex-m4 -std=gnu11 -g3 -DDEBUG -DUSE_HAL_DRIVER -DSTM32F411xE -c -I../Core/Inc -I../Drivers/STM32F4xx_HAL_Driver/Inc -I../Drivers/STM32F4xx_HAL_Driver/Inc/Legacy -I../Drivers/CMSIS/Device/ST/STM32F4xx/Include -I../Drivers/CMSIS/Include -I../USB_DEVICE/App -I../USB_DEVICE/Target -I../Middlewares/ST/STM32_USB_Device_Library/Core/Inc -I../Middlewares/ST/STM32_USB_Device_Library/Class/CDC/Inc -O0 -ffunction-sections -fdata-sections -Wall -fstack-usage -fcyclomatic-complexity -MMD -MP -MF"Core/Src/main.d" -MT"Core/Src/main.o" --specs=nano.specs -mfpu=fpv4-sp-d16 -mfloat-abi=hard -mthumb -o "Core/Src/main.o"
../Core/Src/main.c: In function 'main':
../Core/Src/main.c:227:83: warning: format '%d' expects argument of type 'int', but argument 4 has type 'uint32_t' {aka 'long unsigned int'} [-Wformat=]
  227 |         uint16_t len = snprintf(buf, sizeof(buf), "\n\rWanted RPM / Current RPM: %d / %d", WantedRPM, CurrentRPM);
      |                                                                                  ~^        ~~~~~~~~~
      |                                                                                   |        |
      |                                                                                   int      uint32_t {aka long unsigned int}
      |                                                                                  %ld
../Core/Src/main.c:227:88: warning: format '%d' expects argument of type 'int', but argument 5 has type 'uint32_t' {aka 'long unsigned int'} [-Wformat=]
  227 |         uint16_t len = snprintf(buf, sizeof(buf), "\n\rWanted RPM / Current RPM: %d / %d", WantedRPM, CurrentRPM);
      |                                                                                       ~^              ~~~~~~~~~~
      |                                                                                        |              |
      |                                                                                        int            uint32_t {aka long unsigned int}
      |                                                                                       %ld
arm-none-eabi-gcc -o "Hall Sensor Interrupt.elf" @"objects.list"   -mcpu=cortex-m4 -T"C:\Users\luuk\Documents\GitHub\STM32-Code-Source\Black Pill Interrupt\Hall Sensor Interrupt\STM32F411CEUX_FLASH.ld" --specs=nosys.specs -Wl,-Map="Hall Sensor Interrupt.map" -Wl,--gc-sections -static --specs=nano.specs -mfpu=fpv4-sp-d16 -mfloat-abi=hard -mthumb -Wl,--start-group -lc -lm -Wl,--end-group
Finished building target: Hall Sensor Interrupt.elf
 
arm-none-eabi-size   Hall\ Sensor\ Interrupt.elf 
arm-none-eabi-objdump -h -S  Hall\ Sensor\ Interrupt.elf  > "Hall Sensor Interrupt.list"
   text	   data	    bss	    dec	    hex	filename
  50880	    340	  13872	  65092	   fe44	Hall Sensor Interrupt.elf
Finished building: default.size.stdout
 
Finished building: Hall Sensor Interrupt.list
 

18:26:54 Build Finished. 0 errors, 2 warnings. (took 1s.439ms)

